# JRE version: OpenJDK Runtime Environment Temurin-17.0.7+7 (17.0.7+7) (build 17.0.7+7)
# Java VM: OpenJDK 64-Bit Server VM Temurin-17.0.7+7 (17.0.7+7, mixed mode, sharing, tiered, compressed oops, compressed class ptrs, g1 gc, windows-amd64)
GC Precious Log:
 CPUs: 16 total, 16 available
 Memory: 7598M
 Large Page Support: Disabled
 NUMA Support: Disabled
 Compressed Oops: Enabled (32-bit)
 Heap Region Size: 1M
 Heap Min Capacity: 8M
 Heap Initial Capacity: 120M
 Heap Max Capacity: 2G
 Pre-touch: Disabled
 Parallel Workers: 13
 Concurrent Workers: 3
 Concurrent Refinement Workers: 13
 Periodic GC: Disabled
Heap:
 garbage-first heap   total 196608K, used 102400K [0x0000000080000000, 0x0000000100000000)
  region size 1024K, 5 young (5120K), 5 survivors (5120K)
 Metaspace       used 89474K, committed 90432K, reserved 557056K
  class space    used 12593K, committed 13056K, reserved 425984K
GC Heap History (20 events):
Event: 145.472 GC heap after
{Heap after GC invocations=38 (full 0):
 garbage-first heap   total 196608K, used 87279K [0x0000000080000000, 0x0000000100000000)
  region size 1024K, 3 young (3072K), 3 survivors (3072K)
 Metaspace       used 73887K, committed 74752K, reserved 491520K
  class space    used 10300K, committed 10688K, reserved 425984K
}
Event: 145.475 GC heap before
{Heap before GC invocations=38 (full 0):
 garbage-first heap   total 196608K, used 89327K [0x0000000080000000, 0x0000000100000000)
  region size 1024K, 4 young (4096K), 3 survivors (3072K)
 Metaspace       used 73887K, committed 74752K, reserved 491520K
  class space    used 10300K, committed 10688K, reserved 425984K
}
Event: 145.479 GC heap after
{Heap after GC invocations=39 (full 0):
 garbage-first heap   total 196608K, used 88784K [0x0000000080000000, 0x0000000100000000)
  region size 1024K, 2 young (2048K), 2 survivors (2048K)
 Metaspace       used 73887K, committed 74752K, reserved 491520K
  class space    used 10300K, committed 10688K, reserved 425984K
}
Event: 145.532 GC heap before
{Heap before GC invocations=39 (full 0):
 garbage-first heap   total 196608K, used 94928K [0x0000000080000000, 0x0000000100000000)
  region size 1024K, 8 young (8192K), 2 survivors (2048K)
 Metaspace       used 73892K, committed 74752K, reserved 491520K
  class space    used 10300K, committed 10688K, reserved 425984K
}
Event: 145.538 GC heap after
{Heap after GC invocations=40 (full 0):
 garbage-first heap   total 196608K, used 90606K [0x0000000080000000, 0x0000000100000000)
  region size 1024K, 4 young (4096K), 4 survivors (4096K)
 Metaspace       used 73892K, committed 74752K, reserved 491520K
  class space    used 10300K, committed 10688K, reserved 425984K
}
Event: 145.541 GC heap before
{Heap before GC invocations=40 (full 0):
 garbage-first heap   total 196608K, used 91630K [0x0000000080000000, 0x0000000100000000)
  region size 1024K, 5 young (5120K), 4 survivors (4096K)
 Metaspace       used 73892K, committed 74752K, reserved 491520K
  class space    used 10300K, committed 10688K, reserved 425984K
}
Event: 145.547 GC heap after
{Heap after GC invocations=41 (full 0):
 garbage-first heap   total 196608K, used 91179K [0x0000000080000000, 0x0000000100000000)
  region size 1024K, 2 young (2048K), 2 survivors (2048K)
 Metaspace       used 73892K, committed 74752K, reserved 491520K
  class space    used 10300K, committed 10688K, reserved 425984K
}
Event: 146.718 GC heap before
{Heap before GC invocations=42 (full 0):
 garbage-first heap   total 196608K, used 138283K [0x0000000080000000, 0x0000000100000000)
  region size 1024K, 47 young (48128K), 2 survivors (2048K)
 Metaspace       used 76857K, committed 77696K, reserved 557056K
  class space    used 10690K, committed 11072K, reserved 425984K
}
Event: 146.723 GC heap after
{Heap after GC invocations=43 (full 0):
 garbage-first heap   total 196608K, used 92143K [0x0000000080000000, 0x0000000100000000)
  region size 1024K, 4 young (4096K), 4 survivors (4096K)
 Metaspace       used 76857K, committed 77696K, reserved 557056K
  class space    used 10690K, committed 11072K, reserved 425984K
}
Event: 147.686 GC heap before
{Heap before GC invocations=43 (full 0):
 garbage-first heap   total 196608K, used 141295K [0x0000000080000000, 0x0000000100000000)
  region size 1024K, 52 young (53248K), 4 survivors (4096K)
 Metaspace       used 80143K, committed 81024K, reserved 557056K
  class space    used 11128K, committed 11584K, reserved 425984K
}
Event: 147.693 GC heap after
{Heap after GC invocations=44 (full 0):
 garbage-first heap   total 196608K, used 94523K [0x0000000080000000, 0x0000000100000000)
  region size 1024K, 6 young (6144K), 6 survivors (6144K)
 Metaspace       used 80143K, committed 81024K, reserved 557056K
  class space    used 11128K, committed 11584K, reserved 425984K
}
Event: 158.316 GC heap before
{Heap before GC invocations=45 (full 0):
 garbage-first heap   total 196608K, used 145723K [0x0000000080000000, 0x0000000100000000)
  region size 1024K, 57 young (58368K), 6 survivors (6144K)
 Metaspace       used 80929K, committed 81856K, reserved 557056K
  class space    used 11255K, committed 11712K, reserved 425984K
}
Event: 158.324 GC heap after
{Heap after GC invocations=46 (full 0):
 garbage-first heap   total 196608K, used 95758K [0x0000000080000000, 0x0000000100000000)
  region size 1024K, 7 young (7168K), 7 survivors (7168K)
 Metaspace       used 80929K, committed 81856K, reserved 557056K
  class space    used 11255K, committed 11712K, reserved 425984K
}
Event: 158.869 GC heap before
{Heap before GC invocations=46 (full 0):
 garbage-first heap   total 196608K, used 128526K [0x0000000080000000, 0x0000000100000000)
  region size 1024K, 40 young (40960K), 7 survivors (7168K)
 Metaspace       used 83099K, committed 83968K, reserved 557056K
  class space    used 11565K, committed 11968K, reserved 425984K
}
Event: 158.875 GC heap after
{Heap after GC invocations=47 (full 0):
 garbage-first heap   total 196608K, used 97876K [0x0000000080000000, 0x0000000100000000)
  region size 1024K, 3 young (3072K), 3 survivors (3072K)
 Metaspace       used 83099K, committed 83968K, reserved 557056K
  class space    used 11565K, committed 11968K, reserved 425984K
}
Event: 159.840 GC heap before
{Heap before GC invocations=48 (full 0):
 garbage-first heap   total 196608K, used 153172K [0x0000000080000000, 0x0000000100000000)
  region size 1024K, 56 young (57344K), 3 survivors (3072K)
 Metaspace       used 86659K, committed 87616K, reserved 557056K
  class space    used 12213K, committed 12672K, reserved 425984K
}
Event: 159.845 GC heap after
{Heap after GC invocations=49 (full 0):
 garbage-first heap   total 196608K, used 98534K [0x0000000080000000, 0x0000000100000000)
  region size 1024K, 3 young (3072K), 3 survivors (3072K)
 Metaspace       used 86659K, committed 87616K, reserved 557056K
  class space    used 12213K, committed 12672K, reserved 425984K
}
Event: 159.933 GC heap before
{Heap before GC invocations=49 (full 0):
 garbage-first heap   total 196608K, used 104678K [0x0000000080000000, 0x0000000100000000)
  region size 1024K, 9 young (9216K), 3 survivors (3072K)
 Metaspace       used 86987K, committed 87872K, reserved 557056K
  class space    used 12255K, committed 12672K, reserved 425984K
}
Event: 159.937 GC heap after
{Heap after GC invocations=50 (full 0):
 garbage-first heap   total 196608K, used 98585K [0x0000000080000000, 0x0000000100000000)
  region size 1024K, 1 young (1024K), 1 survivors (1024K)
 Metaspace       used 86987K, committed 87872K, reserved 557056K
  class space    used 12255K, committed 12672K, reserved 425984K
}
Event: 160.633 GC heap before
{Heap before GC invocations=50 (full 0):
 garbage-first heap   total 196608K, used 155929K [0x0000000080000000, 0x0000000100000000)
  region size 1024K, 57 young (58368K), 1 survivors (1024K)
 Metaspace       used 89474K, committed 90432K, reserved 557056K
  class space    used 12593K, committed 13056K, reserved 425984K
}

