# JRE version: OpenJDK Runtime Environment Temurin-17.0.13+11 (17.0.13+11) (build 17.0.13+11)
# Java VM: OpenJDK 64-Bit Server VM Temurin-17.0.13+11 (17.0.13+11, mixed mode, tiered, compressed oops, compressed class ptrs, parallel gc, windows-amd64)
GC Precious Log:
 CPUs: 16 total, 16 available
 Memory: 7598M
 Large Page Support: Disabled
 NUMA Support: Disabled
 Compressed Oops: Enabled (32-bit)
 Alignments: Space 512K, Generation 512K, Heap 2M
 Heap Min Capacity: 100M
 Heap Initial Capacity: 100M
 Heap Max Capacity: 1G
 Pre-touch: Disabled
 Parallel Workers: 13
Heap:
 PSYoungGen      total 6144K, used 1712K [0x00000000eab00000, 0x00000000eb280000, 0x0000000100000000)
  eden space 4608K, 3% used [0x00000000eab00000,0x00000000eab2e0a0,0x00000000eaf80000)
  from space 1536K, 99% used [0x00000000eaf80000,0x00000000eb0fe0a0,0x00000000eb100000)
  to   space 1536K, 0% used [0x00000000eb100000,0x00000000eb100000,0x00000000eb280000)
 ParOldGen       total 295936K, used 271402K [0x00000000c0000000, 0x00000000d2100000, 0x00000000eab00000)
  object space 295936K, 91% used [0x00000000c0000000,0x00000000d090abe0,0x00000000d2100000)
 Metaspace       used 69886K, committed 70976K, reserved 1114112K
  class space    used 7982K, committed 8448K, reserved 1048576K
GC Heap History (20 events):
Event: 23.949 GC heap before
{Heap before GC invocations=231 (full 10):
 PSYoungGen      total 4608K, used 4054K [0x00000000eab00000, 0x00000000eb200000, 0x0000000100000000)
  eden space 3072K, 100% used [0x00000000eab00000,0x00000000eae00000,0x00000000eae00000)
  from space 1536K, 63% used [0x00000000eae00000,0x00000000eaef5ab8,0x00000000eaf80000)
  to   space 1536K, 0% used [0x00000000eb080000,0x00000000eb080000,0x00000000eb200000)
 ParOldGen       total 295936K, used 259245K [0x00000000c0000000, 0x00000000d2100000, 0x00000000eab00000)
  object space 295936K, 87% used [0x00000000c0000000,0x00000000cfd2b578,0x00000000d2100000)
 Metaspace       used 69874K, committed 70976K, reserved 1114112K
  class space    used 7980K, committed 8448K, reserved 1048576K
}
Event: 23.952 GC heap after
{Heap after GC invocations=231 (full 10):
 PSYoungGen      total 4096K, used 932K [0x00000000eab00000, 0x00000000eb180000, 0x0000000100000000)
  eden space 3072K, 0% used [0x00000000eab00000,0x00000000eab00000,0x00000000eae00000)
  from space 1024K, 91% used [0x00000000eb080000,0x00000000eb169010,0x00000000eb180000)
  to   space 1024K, 0% used [0x00000000eaf80000,0x00000000eaf80000,0x00000000eb080000)
 ParOldGen       total 295936K, used 260009K [0x00000000c0000000, 0x00000000d2100000, 0x00000000eab00000)
  object space 295936K, 87% used [0x00000000c0000000,0x00000000cfdea418,0x00000000d2100000)
 Metaspace       used 69874K, committed 70976K, reserved 1114112K
  class space    used 7980K, committed 8448K, reserved 1048576K
}
Event: 23.982 GC heap before
{Heap before GC invocations=232 (full 10):
 PSYoungGen      total 4096K, used 4004K [0x00000000eab00000, 0x00000000eb180000, 0x0000000100000000)
  eden space 3072K, 100% used [0x00000000eab00000,0x00000000eae00000,0x00000000eae00000)
  from space 1024K, 91% used [0x00000000eb080000,0x00000000eb169010,0x00000000eb180000)
  to   space 1024K, 0% used [0x00000000eaf80000,0x00000000eaf80000,0x00000000eb080000)
 ParOldGen       total 295936K, used 260009K [0x00000000c0000000, 0x00000000d2100000, 0x00000000eab00000)
  object space 295936K, 87% used [0x00000000c0000000,0x00000000cfdea418,0x00000000d2100000)
 Metaspace       used 69874K, committed 70976K, reserved 1114112K
  class space    used 7980K, committed 8448K, reserved 1048576K
}
Event: 23.985 GC heap after
{Heap after GC invocations=232 (full 10):
 PSYoungGen      total 4096K, used 934K [0x00000000eab00000, 0x00000000eb100000, 0x0000000100000000)
  eden space 3072K, 0% used [0x00000000eab00000,0x00000000eab00000,0x00000000eae00000)
  from space 1024K, 91% used [0x00000000eaf80000,0x00000000eb069ad8,0x00000000eb080000)
  to   space 512K, 0% used [0x00000000eb080000,0x00000000eb080000,0x00000000eb100000)
 ParOldGen       total 295936K, used 260729K [0x00000000c0000000, 0x00000000d2100000, 0x00000000eab00000)
  object space 295936K, 88% used [0x00000000c0000000,0x00000000cfe9e530,0x00000000d2100000)
 Metaspace       used 69874K, committed 70976K, reserved 1114112K
  class space    used 7980K, committed 8448K, reserved 1048576K
}
Event: 24.021 GC heap before
{Heap before GC invocations=233 (full 10):
 PSYoungGen      total 4096K, used 4006K [0x00000000eab00000, 0x00000000eb100000, 0x0000000100000000)
  eden space 3072K, 100% used [0x00000000eab00000,0x00000000eae00000,0x00000000eae00000)
  from space 1024K, 91% used [0x00000000eaf80000,0x00000000eb069ad8,0x00000000eb080000)
  to   space 512K, 0% used [0x00000000eb080000,0x00000000eb080000,0x00000000eb100000)
 ParOldGen       total 295936K, used 260729K [0x00000000c0000000, 0x00000000d2100000, 0x00000000eab00000)
  object space 295936K, 88% used [0x00000000c0000000,0x00000000cfe9e530,0x00000000d2100000)
 Metaspace       used 69874K, committed 70976K, reserved 1114112K
  class space    used 7980K, committed 8448K, reserved 1048576K
}
Event: 24.027 GC heap after
{Heap after GC invocations=233 (full 10):
 PSYoungGen      total 4096K, used 512K [0x00000000eab00000, 0x00000000eb300000, 0x0000000100000000)
  eden space 3584K, 0% used [0x00000000eab00000,0x00000000eab00000,0x00000000eae80000)
  from space 512K, 100% used [0x00000000eb080000,0x00000000eb100000,0x00000000eb100000)
  to   space 2048K, 0% used [0x00000000eae80000,0x00000000eae80000,0x00000000eb080000)
 ParOldGen       total 295936K, used 261909K [0x00000000c0000000, 0x00000000d2100000, 0x00000000eab00000)
  object space 295936K, 88% used [0x00000000c0000000,0x00000000cffc57e8,0x00000000d2100000)
 Metaspace       used 69874K, committed 70976K, reserved 1114112K
  class space    used 7980K, committed 8448K, reserved 1048576K
}
Event: 24.076 GC heap before
{Heap before GC invocations=234 (full 10):
 PSYoungGen      total 4096K, used 4096K [0x00000000eab00000, 0x00000000eb300000, 0x0000000100000000)
  eden space 3584K, 100% used [0x00000000eab00000,0x00000000eae80000,0x00000000eae80000)
  from space 512K, 100% used [0x00000000eb080000,0x00000000eb100000,0x00000000eb100000)
  to   space 2048K, 0% used [0x00000000eae80000,0x00000000eae80000,0x00000000eb080000)
 ParOldGen       total 295936K, used 261909K [0x00000000c0000000, 0x00000000d2100000, 0x00000000eab00000)
  object space 295936K, 88% used [0x00000000c0000000,0x00000000cffc57e8,0x00000000d2100000)
 Metaspace       used 69874K, committed 70976K, reserved 1114112K
  class space    used 7980K, committed 8448K, reserved 1048576K
}
Event: 24.083 GC heap after
{Heap after GC invocations=234 (full 10):
 PSYoungGen      total 5632K, used 992K [0x00000000eab00000, 0x00000000eb280000, 0x0000000100000000)
  eden space 3584K, 0% used [0x00000000eab00000,0x00000000eab00000,0x00000000eae80000)
  from space 2048K, 48% used [0x00000000eae80000,0x00000000eaf78000,0x00000000eb080000)
  to   space 1536K, 0% used [0x00000000eb100000,0x00000000eb100000,0x00000000eb280000)
 ParOldGen       total 295936K, used 262465K [0x00000000c0000000, 0x00000000d2100000, 0x00000000eab00000)
  object space 295936K, 88% used [0x00000000c0000000,0x00000000d00504d8,0x00000000d2100000)
 Metaspace       used 69874K, committed 70976K, reserved 1114112K
  class space    used 7980K, committed 8448K, reserved 1048576K
}
Event: 24.116 GC heap before
{Heap before GC invocations=235 (full 10):
 PSYoungGen      total 5632K, used 4574K [0x00000000eab00000, 0x00000000eb280000, 0x0000000100000000)
  eden space 3584K, 99% used [0x00000000eab00000,0x00000000eae7fab0,0x00000000eae80000)
  from space 2048K, 48% used [0x00000000eae80000,0x00000000eaf78000,0x00000000eb080000)
  to   space 1536K, 0% used [0x00000000eb100000,0x00000000eb100000,0x00000000eb280000)
 ParOldGen       total 295936K, used 262465K [0x00000000c0000000, 0x00000000d2100000, 0x00000000eab00000)
  object space 295936K, 88% used [0x00000000c0000000,0x00000000d00504d8,0x00000000d2100000)
 Metaspace       used 69874K, committed 70976K, reserved 1114112K
  class space    used 7980K, committed 8448K, reserved 1048576K
}
Event: 24.119 GC heap after
{Heap after GC invocations=235 (full 10):
 PSYoungGen      total 5120K, used 1248K [0x00000000eab00000, 0x00000000eb280000, 0x0000000100000000)
  eden space 3584K, 0% used [0x00000000eab00000,0x00000000eab00000,0x00000000eae80000)
  from space 1536K, 81% used [0x00000000eb100000,0x00000000eb238000,0x00000000eb280000)
  to   space 1536K, 0% used [0x00000000eaf80000,0x00000000eaf80000,0x00000000eb100000)
 ParOldGen       total 295936K, used 263309K [0x00000000c0000000, 0x00000000d2100000, 0x00000000eab00000)
  object space 295936K, 88% used [0x00000000c0000000,0x00000000d0123408,0x00000000d2100000)
 Metaspace       used 69874K, committed 70976K, reserved 1114112K
  class space    used 7980K, committed 8448K, reserved 1048576K
}
Event: 24.170 GC heap before
{Heap before GC invocations=236 (full 10):
 PSYoungGen      total 5120K, used 4832K [0x00000000eab00000, 0x00000000eb280000, 0x0000000100000000)
  eden space 3584K, 100% used [0x00000000eab00000,0x00000000eae80000,0x00000000eae80000)
  from space 1536K, 81% used [0x00000000eb100000,0x00000000eb238000,0x00000000eb280000)
  to   space 1536K, 0% used [0x00000000eaf80000,0x00000000eaf80000,0x00000000eb100000)
 ParOldGen       total 295936K, used 263309K [0x00000000c0000000, 0x00000000d2100000, 0x00000000eab00000)
  object space 295936K, 88% used [0x00000000c0000000,0x00000000d0123408,0x00000000d2100000)
 Metaspace       used 69886K, committed 70976K, reserved 1114112K
  class space    used 7982K, committed 8448K, reserved 1048576K
}
Event: 24.173 GC heap after
{Heap after GC invocations=236 (full 10):
 PSYoungGen      total 5120K, used 1203K [0x00000000eab00000, 0x00000000eb180000, 0x0000000100000000)
  eden space 3584K, 0% used [0x00000000eab00000,0x00000000eab00000,0x00000000eae80000)
  from space 1536K, 78% used [0x00000000eaf80000,0x00000000eb0acc58,0x00000000eb100000)
  to   space 512K, 0% used [0x00000000eb100000,0x00000000eb100000,0x00000000eb180000)
 ParOldGen       total 295936K, used 264285K [0x00000000c0000000, 0x00000000d2100000, 0x00000000eab00000)
  object space 295936K, 89% used [0x00000000c0000000,0x00000000d02174b8,0x00000000d2100000)
 Metaspace       used 69886K, committed 70976K, reserved 1114112K
  class space    used 7982K, committed 8448K, reserved 1048576K
}
Event: 24.190 GC heap before
{Heap before GC invocations=237 (full 10):
 PSYoungGen      total 5120K, used 4787K [0x00000000eab00000, 0x00000000eb180000, 0x0000000100000000)
  eden space 3584K, 100% used [0x00000000eab00000,0x00000000eae80000,0x00000000eae80000)
  from space 1536K, 78% used [0x00000000eaf80000,0x00000000eb0acc58,0x00000000eb100000)
  to   space 512K, 0% used [0x00000000eb100000,0x00000000eb100000,0x00000000eb180000)
 ParOldGen       total 295936K, used 264285K [0x00000000c0000000, 0x00000000d2100000, 0x00000000eab00000)
  object space 295936K, 89% used [0x00000000c0000000,0x00000000d02174b8,0x00000000d2100000)
 Metaspace       used 69886K, committed 70976K, reserved 1114112K
  class space    used 7982K, committed 8448K, reserved 1048576K
}
Event: 24.193 GC heap after
{Heap after GC invocations=237 (full 10):
 PSYoungGen      total 4096K, used 512K [0x00000000eab00000, 0x00000000eb380000, 0x0000000100000000)
  eden space 3584K, 0% used [0x00000000eab00000,0x00000000eab00000,0x00000000eae80000)
  from space 512K, 100% used [0x00000000eb100000,0x00000000eb180000,0x00000000eb180000)
  to   space 2560K, 0% used [0x00000000eae80000,0x00000000eae80000,0x00000000eb100000)
 ParOldGen       total 295936K, used 265773K [0x00000000c0000000, 0x00000000d2100000, 0x00000000eab00000)
  object space 295936K, 89% used [0x00000000c0000000,0x00000000d038b528,0x00000000d2100000)
 Metaspace       used 69886K, committed 70976K, reserved 1114112K
  class space    used 7982K, committed 8448K, reserved 1048576K
}
Event: 24.209 GC heap before
{Heap before GC invocations=238 (full 10):
 PSYoungGen      total 4096K, used 4096K [0x00000000eab00000, 0x00000000eb380000, 0x0000000100000000)
  eden space 3584K, 100% used [0x00000000eab00000,0x00000000eae80000,0x00000000eae80000)
  from space 512K, 100% used [0x00000000eb100000,0x00000000eb180000,0x00000000eb180000)
  to   space 2560K, 0% used [0x00000000eae80000,0x00000000eae80000,0x00000000eb100000)
 ParOldGen       total 295936K, used 265773K [0x00000000c0000000, 0x00000000d2100000, 0x00000000eab00000)
  object space 295936K, 89% used [0x00000000c0000000,0x00000000d038b528,0x00000000d2100000)
 Metaspace       used 69886K, committed 70976K, reserved 1114112K
  class space    used 7982K, committed 8448K, reserved 1048576K
}
Event: 24.212 GC heap after
{Heap after GC invocations=238 (full 10):
 PSYoungGen      total 6144K, used 1220K [0x00000000eab00000, 0x00000000eb280000, 0x0000000100000000)
  eden space 3584K, 0% used [0x00000000eab00000,0x00000000eab00000,0x00000000eae80000)
  from space 2560K, 47% used [0x00000000eae80000,0x00000000eafb1078,0x00000000eb100000)
  to   space 1536K, 0% used [0x00000000eb100000,0x00000000eb100000,0x00000000eb280000)
 ParOldGen       total 295936K, used 266313K [0x00000000c0000000, 0x00000000d2100000, 0x00000000eab00000)
  object space 295936K, 89% used [0x00000000c0000000,0x00000000d0412780,0x00000000d2100000)
 Metaspace       used 69886K, committed 70976K, reserved 1114112K
  class space    used 7982K, committed 8448K, reserved 1048576K
}
Event: 24.225 GC heap before
{Heap before GC invocations=239 (full 10):
 PSYoungGen      total 6144K, used 4804K [0x00000000eab00000, 0x00000000eb280000, 0x0000000100000000)
  eden space 3584K, 100% used [0x00000000eab00000,0x00000000eae80000,0x00000000eae80000)
  from space 2560K, 47% used [0x00000000eae80000,0x00000000eafb1078,0x00000000eb100000)
  to   space 1536K, 0% used [0x00000000eb100000,0x00000000eb100000,0x00000000eb280000)
 ParOldGen       total 295936K, used 266313K [0x00000000c0000000, 0x00000000d2100000, 0x00000000eab00000)
  object space 295936K, 89% used [0x00000000c0000000,0x00000000d0412780,0x00000000d2100000)
 Metaspace       used 69886K, committed 70976K, reserved 1114112K
  class space    used 7982K, committed 8448K, reserved 1048576K
}
Event: 24.228 GC heap after
{Heap after GC invocations=239 (full 10):
 PSYoungGen      total 6144K, used 1161K [0x00000000eab00000, 0x00000000eb280000, 0x0000000100000000)
  eden space 4608K, 0% used [0x00000000eab00000,0x00000000eab00000,0x00000000eaf80000)
  from space 1536K, 75% used [0x00000000eb100000,0x00000000eb2226f8,0x00000000eb280000)
  to   space 1536K, 0% used [0x00000000eaf80000,0x00000000eaf80000,0x00000000eb100000)
 ParOldGen       total 295936K, used 267333K [0x00000000c0000000, 0x00000000d2100000, 0x00000000eab00000)
  object space 295936K, 90% used [0x00000000c0000000,0x00000000d05117e8,0x00000000d2100000)
 Metaspace       used 69886K, committed 70976K, reserved 1114112K
  class space    used 7982K, committed 8448K, reserved 1048576K
}
Event: 24.260 GC heap before
{Heap before GC invocations=240 (full 10):
 PSYoungGen      total 6144K, used 5769K [0x00000000eab00000, 0x00000000eb280000, 0x0000000100000000)
  eden space 4608K, 100% used [0x00000000eab00000,0x00000000eaf80000,0x00000000eaf80000)
  from space 1536K, 75% used [0x00000000eb100000,0x00000000eb2226f8,0x00000000eb280000)
  to   space 1536K, 0% used [0x00000000eaf80000,0x00000000eaf80000,0x00000000eb100000)
 ParOldGen       total 295936K, used 267333K [0x00000000c0000000, 0x00000000d2100000, 0x00000000eab00000)
  object space 295936K, 90% used [0x00000000c0000000,0x00000000d05117e8,0x00000000d2100000)
 Metaspace       used 69886K, committed 70976K, reserved 1114112K
  class space    used 7982K, committed 8448K, reserved 1048576K
}
Event: 24.263 GC heap after
{Heap after GC invocations=240 (full 10):
 PSYoungGen      total 6144K, used 1527K [0x00000000eab00000, 0x00000000eb280000, 0x0000000100000000)
  eden space 4608K, 0% used [0x00000000eab00000,0x00000000eab00000,0x00000000eaf80000)
  from space 1536K, 99% used [0x00000000eaf80000,0x00000000eb0fdf88,0x00000000eb100000)
  to   space 1536K, 0% used [0x00000000eb100000,0x00000000eb100000,0x00000000eb280000)
 ParOldGen       total 295936K, used 268347K [0x00000000c0000000, 0x00000000d2100000, 0x00000000eab00000)
  object space 295936K, 90% used [0x00000000c0000000,0x00000000d060efc0,0x00000000d2100000)
 Metaspace       used 69886K, committed 70976K, reserved 1114112K
  class space    used 7982K, committed 8448K, reserved 1048576K
}

